FreeKlondike/build/outputs/logs/manifest-merger-debug-report.txt
-- Merging decision tree log ---
manifest
ADDED from src/main/AndroidManifest.xml:2:1-102:12
INJECTED from src/main/AndroidManifest.xml:2:1-102:12
INJECTED from src/main/AndroidManifest.xml:2:1-102:12
INJECTED from src/main/AndroidManifest.xml:2:1-102:12
MERGED from [com.android.support:support-v4:23.4.0] AndroidManifest.xml:17:1-24:12
INJECTED from src/main/AndroidManifest.xml:2:1-102:12
INJECTED from src/main/AndroidManifest.xml:2:1-102:12
INJECTED from src/main/AndroidManifest.xml:2:1-102:12
	package
		ADDED from src/main/AndroidManifest.xml:3:5-40
		INJECTED from src/main/AndroidManifest.xml
		INJECTED from src/main/AndroidManifest.xml
	android:versionName
		ADDED from src/main/AndroidManifest.xml:5:5-32
		INJECTED from src/main/AndroidManifest.xml
		INJECTED from src/main/AndroidManifest.xml
	xmlns:android
		ADDED from src/main/AndroidManifest.xml:2:11-69
	android:versionCode
		ADDED from src/main/AndroidManifest.xml:4:5-28
		INJECTED from src/main/AndroidManifest.xml
		INJECTED from src/main/AndroidManifest.xml
uses-permission#android.permission.INTERNET
ADDED from src/main/AndroidManifest.xml:7:5-67
	android:name
		ADDED from src/main/AndroidManifest.xml:7:22-64
application
ADDED from src/main/AndroidManifest.xml:9:5-100:19
MERGED from [com.android.support:support-v4:23.4.0] AndroidManifest.xml:22:5-20
MERGED from [com.android.support:support-v4:23.4.0] AndroidManifest.xml:22:5-20
	android:label
		ADDED from src/main/AndroidManifest.xml:12:9-41
	android:icon
		ADDED from src/main/AndroidManifest.xml:11:9-38
	android:allowBackup
		ADDED from src/main/AndroidManifest.xml:10:9-35
	android:theme
		ADDED from src/main/AndroidManifest.xml:13:9-40
activity#eu.veldsoft.free.klondike.MenuActivity
ADDED from src/main/AndroidManifest.xml:14:9-18:20
	android:screenOrientation
		ADDED from src/main/AndroidManifest.xml:17:13-49
	android:label
		ADDED from src/main/AndroidManifest.xml:16:13-45
	android:name
		ADDED from src/main/AndroidManifest.xml:15:13-66
activity#eu.veldsoft.free.klondike.AboutGameActivity
ADDED from src/main/AndroidManifest.xml:19:9-23:20
	android:screenOrientation
		ADDED from src/main/AndroidManifest.xml:22:13-49
	android:label
		ADDED from src/main/AndroidManifest.xml:21:13-62
	android:name
		ADDED from src/main/AndroidManifest.xml:20:13-71
activity#eu.veldsoft.free.klondike.HelpActivity
ADDED from src/main/AndroidManifest.xml:24:9-28:20
	android:screenOrientation
		ADDED from src/main/AndroidManifest.xml:27:13-49
	android:label
		ADDED from src/main/AndroidManifest.xml:26:13-56
	android:name
		ADDED from src/main/AndroidManifest.xml:25:13-66
activity#eu.veldsoft.free.klondike.BestTimesActivity
ADDED from src/main/AndroidManifest.xml:29:9-33:20
	android:screenOrientation
		ADDED from src/main/AndroidManifest.xml:32:13-49
	android:label
		ADDED from src/main/AndroidManifest.xml:31:13-62
	android:name
		ADDED from src/main/AndroidManifest.xml:30:13-71
activity#eu.veldsoft.free.klondike.StatisticsActivity
ADDED from src/main/AndroidManifest.xml:34:9-38:20
	android:screenOrientation
		ADDED from src/main/AndroidManifest.xml:37:13-49
	android:label
		ADDED from src/main/AndroidManifest.xml:36:13-62
	android:name
		ADDED from src/main/AndroidManifest.xml:35:13-72
activity#eu.veldsoft.free.klondike.SettingsActivity
ADDED from src/main/AndroidManifest.xml:39:9-43:20
	android:screenOrientation
		ADDED from src/main/AndroidManifest.xml:42:13-49
	android:label
		ADDED from src/main/AndroidManifest.xml:41:13-60
	android:name
		ADDED from src/main/AndroidManifest.xml:40:13-70
activity#eu.veldsoft.free.klondike.GameActivity
ADDED from src/main/AndroidManifest.xml:44:9-48:20
	android:screenOrientation
		ADDED from src/main/AndroidManifest.xml:47:13-49
	android:label
		ADDED from src/main/AndroidManifest.xml:46:13-56
	android:name
		ADDED from src/main/AndroidManifest.xml:45:13-66
activity#eu.veldsoft.free.klondike.StatisticsTab0Activity
ADDED from src/main/AndroidManifest.xml:49:9-53:20
	android:screenOrientation
		ADDED from src/main/AndroidManifest.xml:52:13-49
	android:label
		ADDED from src/main/AndroidManifest.xml:51:13-67
	android:name
		ADDED from src/main/AndroidManifest.xml:50:13-76
activity#eu.veldsoft.free.klondike.StatisticsTab1Activity
ADDED from src/main/AndroidManifest.xml:54:9-58:20
	android:screenOrientation
		ADDED from src/main/AndroidManifest.xml:57:13-49
	android:label
		ADDED from src/main/AndroidManifest.xml:56:13-67
	android:name
		ADDED from src/main/AndroidManifest.xml:55:13-76
activity#eu.veldsoft.free.klondike.StatisticsTab2Activity
ADDED from src/main/AndroidManifest.xml:59:9-63:20
	android:screenOrientation
		ADDED from src/main/AndroidManifest.xml:62:13-49
	android:label
		ADDED from src/main/AndroidManifest.xml:61:13-67
	android:name
		ADDED from src/main/AndroidManifest.xml:60:13-76
activity#eu.veldsoft.free.klondike.StatisticsTab3Activity
ADDED from src/main/AndroidManifest.xml:64:9-68:20
	android:screenOrientation
		ADDED from src/main/AndroidManifest.xml:67:13-49
	android:label
		ADDED from src/main/AndroidManifest.xml:66:13-67
	android:name
		ADDED from src/main/AndroidManifest.xml:65:13-76
activity#eu.veldsoft.free.klondike.StatisticsTab4Activity
ADDED from src/main/AndroidManifest.xml:69:9-73:20
	android:screenOrientation
		ADDED from src/main/AndroidManifest.xml:72:13-49
	android:label
		ADDED from src/main/AndroidManifest.xml:71:13-67
	android:name
		ADDED from src/main/AndroidManifest.xml:70:13-76
activity#eu.veldsoft.free.klondike.StatisticsTab5Activity
ADDED from src/main/AndroidManifest.xml:74:9-78:20
	android:screenOrientation
		ADDED from src/main/AndroidManifest.xml:77:13-49
	android:label
		ADDED from src/main/AndroidManifest.xml:76:13-67
	android:name
		ADDED from src/main/AndroidManifest.xml:75:13-76
activity#eu.veldsoft.free.klondike.WinActivity
ADDED from src/main/AndroidManifest.xml:79:9-82:20
	android:label
		ADDED from src/main/AndroidManifest.xml:81:13-55
	android:name
		ADDED from src/main/AndroidManifest.xml:80:13-65
activity#eu.veldsoft.free.klondike.SplashActivity
ADDED from src/main/AndroidManifest.xml:83:9-99:20
	android:label
		ADDED from src/main/AndroidManifest.xml:85:13-58
	android:noHistory
		ADDED from src/main/AndroidManifest.xml:86:13-37
	android:name
		ADDED from src/main/AndroidManifest.xml:84:13-68
meta-data#timeout
ADDED from src/main/AndroidManifest.xml:87:13-89:40
	android:value
		ADDED from src/main/AndroidManifest.xml:89:17-37
	android:name
		ADDED from src/main/AndroidManifest.xml:88:17-39
meta-data#redirect
ADDED from src/main/AndroidManifest.xml:90:13-92:74
	android:value
		ADDED from src/main/AndroidManifest.xml:92:17-71
	android:name
		ADDED from src/main/AndroidManifest.xml:91:17-40
intent-filter#action:name:android.intent.action.MAIN+category:name:android.intent.category.LAUNCHER
ADDED from src/main/AndroidManifest.xml:94:13-98:29
action#android.intent.action.MAIN
ADDED from src/main/AndroidManifest.xml:95:17-69
	android:name
		ADDED from src/main/AndroidManifest.xml:95:25-66
category#android.intent.category.LAUNCHER
ADDED from src/main/AndroidManifest.xml:97:17-77
	android:name
		ADDED from src/main/AndroidManifest.xml:97:27-74
uses-sdk
INJECTED from src/main/AndroidManifest.xml reason: use-sdk injection requested
INJECTED from src/main/AndroidManifest.xml
INJECTED from src/main/AndroidManifest.xml
MERGED from [com.android.support:support-v4:23.4.0] AndroidManifest.xml:20:5-43
MERGED from [com.android.support:support-v4:23.4.0] AndroidManifest.xml:20:5-43
INJECTED from src/main/AndroidManifest.xml
INJECTED from src/main/AndroidManifest.xml
	android:targetSdkVersion
		INJECTED from src/main/AndroidManifest.xml
		ADDED from src/main/AndroidManifest.xml
		INJECTED from src/main/AndroidManifest.xml
	android:minSdkVersion
		INJECTED from src/main/AndroidManifest.xml
		ADDED from src/main/AndroidManifest.xml
		INJECTED from src/main/AndroidManifest.xml